8:48:38 PM  [main] 	Initializing Control Panel
8:48:38 PM  [main] 	Windows Version:  Enterprise  64-bit
8:48:38 PM  [main] 	XAMPP Version: 8.2.12
8:48:38 PM  [main] 	Control Panel Version: 3.3.0  [ Compiled: Apr 6th 2021 ]
8:48:38 PM  [main] 	You are not running with administrator rights! This will work for
8:48:38 PM  [main] 	most application stuff but whenever you do something with services
8:48:38 PM  [main] 	there will be a security dialogue or things will break! So think 
8:48:38 PM  [main] 	about running this application with administrator rights!
8:48:38 PM  [main] 	XAMPP Installation Directory: "d:\xampp\"
8:48:38 PM  [main] 	Checking for prerequisites
8:48:41 PM  [main] 	All prerequisites found
8:48:41 PM  [main] 	Initializing Modules
8:48:41 PM  [main] 	Starting Check-Timer
8:48:41 PM  [main] 	Control Panel Ready
8:48:42 PM  [Apache] 	Attempting to start Apache app...
8:48:42 PM  [Apache] 	Status change detected: running
8:48:42 PM  [mysql] 	Attempting to start MySQL app...
8:48:43 PM  [mysql] 	Status change detected: running
8:48:45 PM  [mysql] 	Status change detected: stopped
8:48:45 PM  [mysql] 	Error: MySQL shutdown unexpectedly.
8:48:45 PM  [mysql] 	This may be due to a blocked port, missing dependencies, 
8:48:45 PM  [mysql] 	improper privileges, a crash, or a shutdown by another method.
8:48:45 PM  [mysql] 	Press the Logs button to view error logs and check
8:48:45 PM  [mysql] 	the Windows Event Viewer for more clues
8:48:45 PM  [mysql] 	If you need more help, copy and post this
8:48:45 PM  [mysql] 	entire log window on the forums
8:48:54 PM  [mysql] 	Attempting to start MySQL app...
8:48:54 PM  [mysql] 	Status change detected: running
9:50:46 PM  [Apache] 	Attempting to stop Apache (PID: 8352)
9:50:46 PM  [Apache] 	Attempting to stop Apache (PID: 11644)
9:50:46 PM  [Apache] 	Status change detected: stopped
9:50:47 PM  [mysql] 	Attempting to stop MySQL app...
9:50:47 PM  [mysql] 	Status change detected: stopped
9:50:56 PM  [main] 	Deinitializing Modules
9:50:56 PM  [main] 	Deinitializing Control Panel

8:42:33 PM  [main] 	Initializing Control Panel
8:42:33 PM  [main] 	Windows Version:  Enterprise  64-bit
8:42:33 PM  [main] 	XAMPP Version: 8.2.12
8:42:33 PM  [main] 	Control Panel Version: 3.3.0  [ Compiled: Apr 6th 2021 ]
8:42:33 PM  [main] 	You are not running with administrator rights! This will work for
8:42:33 PM  [main] 	most application stuff but whenever you do something with services
8:42:33 PM  [main] 	there will be a security dialogue or things will break! So think 
8:42:33 PM  [main] 	about running this application with administrator rights!
8:42:33 PM  [main] 	XAMPP Installation Directory: "d:\xampp\"
8:42:33 PM  [main] 	Checking for prerequisites
8:42:36 PM  [main] 	All prerequisites found
8:42:36 PM  [main] 	Initializing Modules
8:42:36 PM  [main] 	Starting Check-Timer
8:42:36 PM  [main] 	Control Panel Ready
8:42:37 PM  [Apache] 	Attempting to start Apache app...
8:42:37 PM  [Apache] 	Status change detected: running
8:42:37 PM  [mysql] 	Attempting to start MySQL app...
8:42:38 PM  [mysql] 	Status change detected: running
9:27:26 PM  [main] 	Executing "d:\xampp\"
10:06:21 PM  [Apache] 	Attempting to stop Apache (PID: 10132)
10:06:21 PM  [Apache] 	Attempting to stop Apache (PID: 8820)
10:06:21 PM  [Apache] 	Status change detected: stopped
10:06:21 PM  [mysql] 	Attempting to stop MySQL app...
10:06:22 PM  [mysql] 	Status change detected: stopped
10:06:25 PM  [main] 	Deinitializing Modules
10:06:25 PM  [main] 	Deinitializing Control Panel

7:52:16 PM  [main] 	Initializing Control Panel
7:52:16 PM  [main] 	Windows Version:  Enterprise  64-bit
7:52:16 PM  [main] 	XAMPP Version: 8.2.12
7:52:16 PM  [main] 	Control Panel Version: 3.3.0  [ Compiled: Apr 6th 2021 ]
7:52:16 PM  [main] 	You are not running with administrator rights! This will work for
7:52:16 PM  [main] 	most application stuff but whenever you do something with services
7:52:16 PM  [main] 	there will be a security dialogue or things will break! So think 
7:52:16 PM  [main] 	about running this application with administrator rights!
7:52:16 PM  [main] 	XAMPP Installation Directory: "d:\xampp\"
7:52:16 PM  [main] 	Checking for prerequisites
7:52:19 PM  [main] 	All prerequisites found
7:52:19 PM  [main] 	Initializing Modules
7:52:20 PM  [main] 	Starting Check-Timer
7:52:20 PM  [main] 	Control Panel Ready
7:52:22 PM  [Apache] 	Attempting to start Apache app...
7:52:23 PM  [Apache] 	Status change detected: running
7:52:23 PM  [mysql] 	Attempting to start MySQL app...
7:52:25 PM  [mysql] 	Status change detected: running
7:56:40 PM  [main] 	Executing "d:\xampp\"
9:02:04 PM  [Apache] 	Attempting to stop Apache (PID: 10544)
9:02:04 PM  [Apache] 	Attempting to stop Apache (PID: 10936)
9:02:04 PM  [Apache] 	Status change detected: stopped
9:02:05 PM  [mysql] 	Attempting to stop MySQL app...
9:02:05 PM  [mysql] 	Status change detected: stopped
9:02:06 PM  [mysql] 	Attempting to start MySQL app...
9:02:06 PM  [mysql] 	Status change detected: running
9:02:07 PM  [mysql] 	Attempting to stop MySQL app...
9:02:07 PM  [mysql] 	Status change detected: stopped
9:02:12 PM  [main] 	Deinitializing Modules
9:02:12 PM  [main] 	Deinitializing Control Panel

10:31:12 PM  [main] 	Initializing Control Panel
10:31:12 PM  [main] 	Windows Version:  Enterprise  64-bit
10:31:12 PM  [main] 	XAMPP Version: 8.2.12
10:31:12 PM  [main] 	Control Panel Version: 3.3.0  [ Compiled: Apr 6th 2021 ]
10:31:12 PM  [main] 	You are not running with administrator rights! This will work for
10:31:12 PM  [main] 	most application stuff but whenever you do something with services
10:31:12 PM  [main] 	there will be a security dialogue or things will break! So think 
10:31:12 PM  [main] 	about running this application with administrator rights!
10:31:12 PM  [main] 	XAMPP Installation Directory: "d:\xampp\"
10:31:12 PM  [main] 	Checking for prerequisites
10:31:14 PM  [main] 	All prerequisites found
10:31:14 PM  [main] 	Initializing Modules
10:31:14 PM  [main] 	Starting Check-Timer
10:31:14 PM  [main] 	Control Panel Ready
10:31:16 PM  [Apache] 	Attempting to start Apache app...
10:31:16 PM  [mysql] 	Attempting to start MySQL app...
10:31:20 PM  [Apache] 	Status change detected: running
10:31:20 PM  [mysql] 	Status change detected: running
11:19:32 PM  [Apache] 	Attempting to stop Apache (PID: 5984)
11:19:32 PM  [Apache] 	Attempting to stop Apache (PID: 6192)
11:19:32 PM  [Apache] 	Status change detected: stopped
11:19:33 PM  [mysql] 	Attempting to stop MySQL app...
11:19:33 PM  [mysql] 	Status change detected: stopped
11:19:40 PM  [main] 	Deinitializing Modules
11:19:40 PM  [main] 	Deinitializing Control Panel

